#
# There is insufficient memory for the Java Runtime Environment to continue.
# Native memory allocation (mmap) failed to map 121634816 bytes for G1 virtual space
# Possible reasons:
#   The system is out of physical RAM or swap space
#   The process is running with CompressedOops enabled, and the Java Heap may be blocking the growth of the native heap
# Possible solutions:
#   Reduce memory load on the system
#   Increase physical memory or swap space
#   Check if swap backing store is full
#   Decrease Java heap size (-Xmx/-Xms)
#   Decrease number of Java threads
#   Decrease Java thread stack sizes (-Xss)
#   Set larger code cache with -XX:ReservedCodeCacheSize=
#   JVM is running with Unscaled Compressed Oops mode in which the Java heap is
#     placed in the first 4GB address space. The Java Heap base address is the
#     maximum limit for the native heap growth. Please use -XX:HeapBaseMinAddress
#     to set the Java Heap base and to place the Java Heap above 4GB virtual address.
# This output file may be truncated or incomplete.
#
#  Out of Memory Error (os_windows.cpp:3548), pid=7504, tid=1408
#
# JRE version:  (17.0.10+11) (build )
# Java VM: Java HotSpot(TM) 64-Bit Server VM (17.0.10+11-LTS-240, mixed mode, sharing, tiered, compressed oops, compressed class ptrs, g1 gc, windows-amd64)
# No core dump will be written. Minidumps are not enabled by default on client versions of Windows
#

---------------  S U M M A R Y ------------

Command Line: -Dfile.encoding=UTF-8 --module-path=C:\Users\Vignesh\OneDrive\Documents\NetBeansProjects\Employee Management System\build\classes employee.management.system.Splash

Host: AMD Ryzen 5 7520U with Radeon Graphics         , 8 cores, 7G,  Windows 11 , 64 bit Build 22621 (10.0.22621.4391)
Time: Mon Nov 25 22:30:38 2024 India Standard Time elapsed time: 0.018994 seconds (0d 0h 0m 0s)

---------------  T H R E A D  ---------------

Current thread (0x0000026875442cd0):  JavaThread "Unknown thread" [_thread_in_vm, id=1408, stack(0x000000e3c0200000,0x000000e3c0300000)]

Stack: [0x000000e3c0200000,0x000000e3c0300000]
Native frames: (J=compiled Java code, j=interpreted, Vv=VM code, C=native code)
V  [jvm.dll+0x677a5a]
V  [jvm.dll+0x7d8b2d]
V  [jvm.dll+0x7da48e]
V  [jvm.dll+0x7daaf3]
V  [jvm.dll+0x2455ff]
V  [jvm.dll+0x6749b9]
V  [jvm.dll+0x669382]
V  [jvm.dll+0x302e96]
V  [jvm.dll+0x30a416]
V  [jvm.dll+0x359cbe]
V  [jvm.dll+0x359eef]
V  [jvm.dll+0x2d9e88]
V  [jvm.dll+0x2dadf4]
V  [jvm.dll+0x7aa551]
V  [jvm.dll+0x367911]
V  [jvm.dll+0x789639]
V  [jvm.dll+0x3eb30f]
V  [jvm.dll+0x3ecd91]
C  [jli.dll+0x5297]
C  [ucrtbase.dll+0x29333]
C  [KERNEL32.DLL+0x1259d]
C  [ntdll.dll+0x5af38]


---------------  P R O C E S S  ---------------

Threads class SMR info:
_java_thread_list=0x00007fffb8996a18, length=0, elements={
}

Java Threads: ( => current thread )

Other Threads:
  0x0000026875497850 GCTaskThread "GC Thread#0" [stack: 0x000000e3c0300000,0x000000e3c0400000] [id=10204]
  0x00000268754a6fa0 ConcurrentGCThread "G1 Main Marker" [stack: 0x000000e3c0400000,0x000000e3c0500000] [id=10836]
  0x00000268754a89c0 ConcurrentGCThread "G1 Conc#0" [stack: 0x000000e3c0500000,0x000000e3c0600000] [id=12852]

[error occurred during error reporting (printing all threads), id 0xc0000005, EXCEPTION_ACCESS_VIOLATION (0xc0000005) at pc=0x00007fffb81caae7]

VM state: not at safepoint (not fully initialized)

VM Mutex/Monitor currently owned by a thread:  ([mutex/lock_event])
[0x000002687543c830] Heap_lock - owner thread: 0x0000026875442cd0

Heap address: 0x000000008c000000, size: 1856 MB, Compressed Oops mode: 32-bit

CDS archive(s) mapped at: [0x0000000000000000-0x0000000000000000-0x0000000000000000), size 0, SharedBaseAddress: 0x0000000800000000, ArchiveRelocationMode: 1.
Narrow klass base: 0x0000000000000000, Narrow klass shift: 0, Narrow klass range: 0x0

GC Precious Log:
<Empty>

Heap:
 garbage-first heap   total 0K, used 0K [0x000000008c000000, 0x0000000100000000)
  region size 1024K, 0 young (0K), 0 survivors (0K)

[error occurred during error reporting (printing heap information), id 0xc0000005, EXCEPTION_ACCESS_VIOLATION (0xc0000005) at pc=0x00007fffb85b1249]

GC Heap History (0 events):
No events

Deoptimization events (0 events):
No events

Classes unloaded (0 events):
No events

Classes redefined (0 events):
No events

Internal exceptions (0 events):
No events

VM Operations (0 events):
No events

Events (1 events):
Event: 0.013 Loaded shared library C:\Program Files\Java\jdk-17\bin\java.dll


Dynamic libraries:
0x00007ff72db50000 - 0x00007ff72db60000 	C:\Program Files\Java\jdk-17\bin\java.exe
0x00007ff83c010000 - 0x00007ff83c227000 	C:\windows\SYSTEM32\ntdll.dll
0x00007ff83ad90000 - 0x00007ff83ae54000 	C:\windows\System32\KERNEL32.DLL
0x00007ff839970000 - 0x00007ff839d29000 	C:\windows\System32\KERNELBASE.dll
0x00007ff833720000 - 0x00007ff8337b7000 	C:\windows\SYSTEM32\apphelp.dll
0x00007ff839550000 - 0x00007ff839661000 	C:\windows\System32\ucrtbase.dll
0x00007ff821d70000 - 0x00007ff821d8b000 	C:\Program Files\Java\jdk-17\bin\VCRUNTIME140.dll
0x00007ff8221a0000 - 0x00007ff8221b9000 	C:\Program Files\Java\jdk-17\bin\jli.dll
0x00007ff83a680000 - 0x00007ff83a732000 	C:\windows\System32\ADVAPI32.dll
0x00007ff83be40000 - 0x00007ff83bee7000 	C:\windows\System32\msvcrt.dll
0x00007ff83af50000 - 0x00007ff83aff7000 	C:\windows\System32\sechost.dll
0x00007ff8398a0000 - 0x00007ff8398c8000 	C:\windows\System32\bcrypt.dll
0x00007ff83a450000 - 0x00007ff83a564000 	C:\windows\System32\RPCRT4.dll
0x00007ff83b090000 - 0x00007ff83b23e000 	C:\windows\System32\USER32.dll
0x00007ff839400000 - 0x00007ff839426000 	C:\windows\System32\win32u.dll
0x00007ff81cd00000 - 0x00007ff81cf92000 	C:\windows\WinSxS\amd64_microsoft.windows.common-controls_6595b64144ccf1df_6.0.22621.4391_none_2715d37f73803e96\COMCTL32.dll
0x00007ff83be10000 - 0x00007ff83be39000 	C:\windows\System32\GDI32.dll
0x00007ff839430000 - 0x00007ff83954b000 	C:\windows\System32\gdi32full.dll
0x00007ff8398d0000 - 0x00007ff83996a000 	C:\windows\System32\msvcp_win.dll
0x00007ff830720000 - 0x00007ff83072a000 	C:\windows\SYSTEM32\VERSION.dll
0x00007ff83bef0000 - 0x00007ff83bf21000 	C:\windows\System32\IMM32.DLL
0x00007ff834d90000 - 0x00007ff834d9c000 	C:\Program Files\Java\jdk-17\bin\vcruntime140_1.dll
0x00007fffe6d90000 - 0x00007fffe6e1e000 	C:\Program Files\Java\jdk-17\bin\msvcp140.dll
0x00007fffb7ee0000 - 0x00007fffb8abf000 	C:\Program Files\Java\jdk-17\bin\server\jvm.dll
0x00007ff83be00000 - 0x00007ff83be08000 	C:\windows\System32\PSAPI.DLL
0x00007ff834ca0000 - 0x00007ff834cd4000 	C:\windows\SYSTEM32\WINMM.dll
0x00007ff80e8f0000 - 0x00007ff80e8f9000 	C:\windows\SYSTEM32\WSOCK32.dll
0x00007ff83bf50000 - 0x00007ff83bfc1000 	C:\windows\System32\WS2_32.dll
0x00007ff838350000 - 0x00007ff838368000 	C:\windows\SYSTEM32\kernel.appcore.dll
0x00007ff821d60000 - 0x00007ff821d6a000 	C:\Program Files\Java\jdk-17\bin\jimage.dll
0x00007ff832b30000 - 0x00007ff832d62000 	C:\windows\SYSTEM32\DBGHELP.DLL
0x00007ff839d30000 - 0x00007ff83a0bf000 	C:\windows\System32\combase.dll
0x00007ff83ae60000 - 0x00007ff83af37000 	C:\windows\System32\OLEAUT32.dll
0x00007ff81d270000 - 0x00007ff81d2a2000 	C:\windows\SYSTEM32\dbgcore.DLL
0x00007ff839310000 - 0x00007ff83938b000 	C:\windows\System32\bcryptPrimitives.dll
0x00007ff808660000 - 0x00007ff808685000 	C:\Program Files\Java\jdk-17\bin\java.dll

dbghelp: loaded successfully - version: 4.0.5 - missing functions: none
symbol engine: initialized successfully - sym options: 0x614 - pdb path: .;C:\Program Files\Java\jdk-17\bin;C:\windows\SYSTEM32;C:\windows\WinSxS\amd64_microsoft.windows.common-controls_6595b64144ccf1df_6.0.22621.4391_none_2715d37f73803e96;C:\Program Files\Java\jdk-17\bin\server

VM Arguments:
jvm_args: -Dfile.encoding=UTF-8 --module-path=C:\Users\Vignesh\OneDrive\Documents\NetBeansProjects\Employee Management System\build\classes 
java_command: employee.management.system.Splash
java_class_path (initial): C:\Users\Vignesh\Downloads\mysql-connector-java-8.0.28.jar;C:\Users\Vignesh\Downloads\jcalendar-tz-1.3.3-4.jar;C:\Users\Vignesh\OneDrive\Documents\NetBeansProjects\Employee Management System\build\classes
Launcher Type: SUN_STANDARD

[Global flags]
     intx CICompilerCount                          = 4                                         {product} {ergonomic}
     uint ConcGCThreads                            = 2                                         {product} {ergonomic}
     uint G1ConcRefinementThreads                  = 8                                         {product} {ergonomic}
   size_t G1HeapRegionSize                         = 1048576                                   {product} {ergonomic}
    uintx GCDrainStackTargetSize                   = 64                                        {product} {ergonomic}
   size_t InitialHeapSize                          = 121634816                                 {product} {ergonomic}
   size_t MarkStackSize                            = 4194304                                   {product} {ergonomic}
   size_t MaxHeapSize                              = 1946157056                                {product} {ergonomic}
   size_t MinHeapDeltaBytes                        = 1048576                                   {product} {ergonomic}
   size_t MinHeapSize                              = 8388608                                   {product} {ergonomic}
    uintx NonNMethodCodeHeapSize                   = 5839372                                {pd product} {ergonomic}
    uintx NonProfiledCodeHeapSize                  = 122909434                              {pd product} {ergonomic}
    uintx ProfiledCodeHeapSize                     = 122909434                              {pd product} {ergonomic}
    uintx ReservedCodeCacheSize                    = 251658240                              {pd product} {ergonomic}
     bool SegmentedCodeCache                       = true                                      {product} {ergonomic}
   size_t SoftMaxHeapSize                          = 1946157056                             {manageable} {ergonomic}
     bool UseCompressedClassPointers               = true                           {product lp64_product} {ergonomic}
     bool UseCompressedOops                        = true                           {product lp64_product} {ergonomic}
     bool UseG1GC                                  = true                                      {product} {ergonomic}
     bool UseLargePagesIndividualAllocation        = false                                  {pd product} {ergonomic}

Logging:
Log output configuration:
 #0: stdout all=warning uptime,level,tags
 #1: stderr all=off uptime,level,tags

Environment Variables:
PATH=F:\Python\Python312\Scripts\;F:\Python\Python312\;C:\Program Files\Common Files\Oracle\Java\javapath;C:\Program Files\java\jdk-17_windows-x64_bin.zip\jdk-17.0.10\bin;C:\windows\system32;C:\windows;C:\windows\System32\Wbem;C:\windows\System32\WindowsPowerShell\v1.0\;C:\windows\System32\OpenSSH\;C:\Program Files\nodejs\;C:\Program Files\GitHub CLI\;C:\Program Files\Git\cmd;C:\Program Files\MySQL\MySQL Shell 8.0\bin\;C:\Users\Vignesh\AppData\Roaming\npm;C:\Users\Vignesh\AppData\Local\Programs\Microsoft VS Code\bin;C:\Program Files (x86)\Nmap
USERNAME=Vignesh
OS=Windows_NT
PROCESSOR_IDENTIFIER=AMD64 Family 23 Model 160 Stepping 0, AuthenticAMD



---------------  S Y S T E M  ---------------

OS:
 Windows 11 , 64 bit Build 22621 (10.0.22621.4391)
OS uptime: 1 days 11:16 hours
Hyper-V role detected

CPU: total 8 (initial active 8) (8 cores per cpu, 2 threads per core) family 23 model 160 stepping 0 microcode 0x0, cx8, cmov, fxsr, ht, mmx, 3dnowpref, sse, sse2, sse3, ssse3, sse4a, sse4.1, sse4.2, popcnt, lzcnt, tsc, tscinvbit, avx, avx2, aes, clmul, bmi1, bmi2, adx, sha, fma, vzeroupper, clflush, clflushopt, hv

Memory: 4k page, system-wide physical 7418M (576M free)
TotalPageFile size 26618M (AvailPageFile size 41M)
current process WorkingSet (physical memory assigned to process): 12M, peak: 12M
current process commit charge ("private bytes"): 60M, peak: 176M

vm_info: Java HotSpot(TM) 64-Bit Server VM (17.0.10+11-LTS-240) for windows-amd64 JRE (17.0.10+11-LTS-240), built on Dec 19 2023 21:47:25 by "mach5one" with MS VC++ 17.1 (VS2022)

END.
